::1 - - [20/Jul/2022:04:39:44 +0000] "POST /api/media HTTP/1.1" 200 110
::1 - - [20/Jul/2022:04:42:42 +0000] "POST /api/media HTTP/1.1" 200 110
::1 - - [20/Jul/2022:04:46:45 +0000] "POST /api/media HTTP/1.1" 200 110
::1 - - [20/Jul/2022:04:46:50 +0000] "GET /api/video/extract HTTP/1.1" 200 239
::1 - - [20/Jul/2022:04:46:54 +0000] "GET /audio/audio-b7d8e9fa-b736-491d-bdd1-fef90aeb1c72.mp3 HTTP/1.1" 404 191
::1 - - [20/Jul/2022:04:47:47 +0000] "GET /api/video/extract HTTP/1.1" 200 239
::1 - - [20/Jul/2022:04:48:07 +0000] "GET /api/video/extract HTTP/1.1" 200 239
::1 - - [20/Jul/2022:04:48:09 +0000] "GET /audio/audio-b42d697a-8e6b-49e0-819f-7ac61ce4b3f6.mp3 HTTP/1.1" 404 191
::1 - - [20/Jul/2022:04:49:11 +0000] "GET /api/video/extract HTTP/1.1" 200 239
::1 - - [20/Jul/2022:04:49:30 +0000] "GET /audio/audio-204b75d6-fadc-4937-a809-a826f6f40adb.mp3 HTTP/1.1" 404 191
::1 - - [20/Jul/2022:04:49:33 +0000] "GET /public/video/video-7e291ad3-7b2b-4351-a578-7f44971d914e.mp4 HTTP/1.1" 404 198
::1 - - [20/Jul/2022:04:52:03 +0000] "GET /api/video/extract HTTP/1.1" 200 239
::1 - - [20/Jul/2022:05:01:05 +0000] "GET /api/video/extract HTTP/1.1" 200 239
::1 - - [20/Jul/2022:05:02:02 +0000] "GET /api/video/extract HTTP/1.1" 200 239
::1 - - [20/Jul/2022:05:02:07 +0000] "GET /audio/audio-ecea1130-5c34-4da3-bba3-57e35d35a4c8.mp3 HTTP/1.1" 404 191
::1 - - [20/Jul/2022:05:02:49 +0000] "GET /api/video/extract HTTP/1.1" 200 239
::1 - - [20/Jul/2022:05:04:24 +0000] "GET /api/video/merge HTTP/1.1" - -
::1 - - [20/Jul/2022:05:04:47 +0000] "GET /api/video/merge HTTP/1.1" 200 229
::1 - - [20/Jul/2022:05:05:03 +0000] "GET /api/video/resize HTTP/1.1" 404 155
::1 - - [20/Jul/2022:05:05:11 +0000] "GET /api/video/resize HTTP/1.1" 404 155
::1 - - [20/Jul/2022:05:06:02 +0000] "GET /api/video/resize HTTP/1.1" - -
::1 - - [20/Jul/2022:05:06:17 +0000] "GET /api/video/resize HTTP/1.1" 200 156
::1 - - [20/Jul/2022:05:06:36 +0000] "GET /api/video/resize HTTP/1.1" 200 156
::1 - - [20/Jul/2022:05:06:54 +0000] "GET /api/video/convert HTTP/1.1" 403 45
::1 - - [20/Jul/2022:05:06:57 +0000] "GET /api/video/convert HTTP/1.1" 403 45
::1 - - [20/Jul/2022:05:07:00 +0000] "GET /api/video/convert HTTP/1.1" 403 45
::1 - - [20/Jul/2022:05:07:42 +0000] "GET /api/video/convert HTTP/1.1" - -
::1 - - [20/Jul/2022:05:08:07 +0000] "GET /api/video/convert HTTP/1.1" 200 157
::1 - - [20/Jul/2022:05:09:02 +0000] "GET /api/video/gif HTTP/1.1" 200 144
::1 - - [20/Jul/2022:05:09:04 +0000] "GET /favicon.ico HTTP/1.1" 404 150
::1 - - [20/Jul/2022:05:11:53 +0000] "POST /api/media HTTP/1.1" 200 110
::1 - - [20/Jul/2022:05:12:02 +0000] "GET /api/video HTTP/1.1" 200 200
::1 - - [20/Jul/2022:05:12:07 +0000] "GET /favicon.ico HTTP/1.1" 404 150
::1 - - [20/Jul/2022:05:12:13 +0000] "GET /api/video/extract HTTP/1.1" 200 239
::1 - - [20/Jul/2022:05:14:34 +0000] "GET /api/video/extract HTTP/1.1" 200 239
::1 - - [20/Jul/2022:05:15:01 +0000] "GET /api/video/extract HTTP/1.1" 200 239
::1 - - [20/Jul/2022:05:18:13 +0000] "GET /api/video/extract HTTP/1.1" 200 239
::1 - - [20/Jul/2022:05:18:47 +0000] "GET /api/video/extract HTTP/1.1" 200 239
::1 - - [20/Jul/2022:05:20:33 +0000] "GET /api/video/extract HTTP/1.1" 200 239
::1 - - [20/Jul/2022:05:25:25 +0000] "GET /api/video/extract HTTP/1.1" 200 239
::1 - - [20/Jul/2022:05:25:50 +0000] "GET /api/video/extract HTTP/1.1" 200 239
::1 - - [20/Jul/2022:05:31:02 +0000] "POST /api/media HTTP/1.1" 200 110
::1 - - [20/Jul/2022:05:46:40 +0000] "GET /api/video/extract HTTP/1.1" 200 239
::1 - - [20/Jul/2022:06:10:16 +0000] "GET /api/video/extract HTTP/1.1" 200 239
::1 - - [20/Jul/2022:06:20:25 +0000] "GET /api/video/extract HTTP/1.1" 403 23
::1 - - [20/Jul/2022:06:20:41 +0000] "GET /api/video/extract HTTP/1.1" 403 32
::1 - - [20/Jul/2022:06:21:06 +0000] "GET /api/video/merge HTTP/1.1" 200 229
::1 - - [20/Jul/2022:06:55:47 +0000] "GET /api/video/merge HTTP/1.1" 200 229
::1 - - [20/Jul/2022:06:56:09 +0000] "GET /api/video/merge HTTP/1.1" 200 229
::1 - - [20/Jul/2022:06:56:26 +0000] "GET /api/video/merge HTTP/1.1" 400 35
