::1 - - [19/Jul/2022:03:56:17 +0000] "GET /api/media HTTP/1.1" 200 1211
::1 - - [19/Jul/2022:03:58:21 +0000] "GET /api/media HTTP/1.1" 200 1211
::1 - - [19/Jul/2022:03:58:30 +0000] "GET /api/media HTTP/1.1" 200 1211
::1 - - [19/Jul/2022:04:00:11 +0000] "GET /api/media HTTP/1.1" 200 1211
::1 - - [19/Jul/2022:04:00:57 +0000] "GET /api/media HTTP/1.1" - -
::1 - - [19/Jul/2022:04:01:54 +0000] "GET /api/media HTTP/1.1" - -
::1 - - [19/Jul/2022:04:02:20 +0000] "GET /api/media HTTP/1.1" 200 1211
::1 - - [19/Jul/2022:04:12:48 +0000] "GET /api/image/resize HTTP/1.1" 200 144
::1 - - [19/Jul/2022:04:12:52 +0000] "GET /favicon.ico HTTP/1.1" 404 150
::1 - - [19/Jul/2022:04:14:09 +0000] "GET /api/image/resize HTTP/1.1" 200 157
::1 - - [19/Jul/2022:04:41:32 +0000] "GET /api/video/resize HTTP/1.1" - -
::1 - - [19/Jul/2022:04:42:06 +0000] "GET /api/video/resize HTTP/1.1" - -
::1 - - [19/Jul/2022:04:47:51 +0000] "GET /api/video/merge HTTP/1.1" - -
::1 - - [19/Jul/2022:04:48:11 +0000] "GET /api/video/merge HTTP/1.1" 200 229
::1 - - [19/Jul/2022:04:49:24 +0000] "GET /api/video/merge HTTP/1.1" 200 229
::1 - - [19/Jul/2022:04:49:47 +0000] "GET /api/video/merge HTTP/1.1" 200 229
::1 - - [19/Jul/2022:04:50:11 +0000] "GET /api/video/merge HTTP/1.1" 200 229
::1 - - [19/Jul/2022:04:50:37 +0000] "GET /api/video/merge HTTP/1.1" 200 229
::1 - - [19/Jul/2022:04:51:06 +0000] "GET /api/video/merge HTTP/1.1" 200 229
::1 - - [19/Jul/2022:04:51:28 +0000] "GET /api/video/merge HTTP/1.1" 200 229
::1 - - [19/Jul/2022:04:52:29 +0000] "GET /api/video/resize HTTP/1.1" - -
::1 - - [19/Jul/2022:04:54:56 +0000] "GET /api/video/resize HTTP/1.1" - -
::1 - - [19/Jul/2022:05:00:50 +0000] "GET /api/video/resize HTTP/1.1" 200 157
::1 - - [19/Jul/2022:05:02:46 +0000] "GET /api/video/resize HTTP/1.1" 200 156
::1 - - [19/Jul/2022:05:03:36 +0000] "GET /api/video/resize HTTP/1.1" 200 156
::1 - - [19/Jul/2022:05:04:40 +0000] "GET /api/video/resize HTTP/1.1" 200 156
::1 - - [19/Jul/2022:05:06:38 +0000] "GET /api/video/resize HTTP/1.1" 400 58
::1 - - [19/Jul/2022:05:06:53 +0000] "GET /api/video/resize HTTP/1.1" 400 58
::1 - - [19/Jul/2022:05:07:18 +0000] "GET /api/video/resize HTTP/1.1" 200 156
::1 - - [19/Jul/2022:05:10:13 +0000] "GET /api/video/resize HTTP/1.1" 200 156
::1 - - [19/Jul/2022:05:12:38 +0000] "GET /api/video/extract HTTP/1.1" - -
::1 - - [19/Jul/2022:05:22:53 +0000] "GET /api/video/extract HTTP/1.1" 200 239
::1 - - [19/Jul/2022:05:22:56 +0000] "GET /audio/audio-d0063cc3-e33b-4ef5-81c6-76014d40ede0.mp3 HTTP/1.1" 404 191
::1 - - [19/Jul/2022:05:23:23 +0000] "GET /api/video/extract HTTP/1.1" 200 239
::1 - - [19/Jul/2022:05:26:06 +0000] "GET /api/video/extract HTTP/1.1" 200 239
::1 - - [19/Jul/2022:05:26:18 +0000] "GET /audio/audio-b7711647-1cdf-4681-b629-4cf9ffde3503.mp3 HTTP/1.1" 404 191
::1 - - [19/Jul/2022:05:26:35 +0000] "GET /api/video/extract HTTP/1.1" 200 239
::1 - - [19/Jul/2022:05:26:37 +0000] "GET /audio/audio-20b41732-ddab-4429-8159-932f1172dd2f.wav HTTP/1.1" 404 191
::1 - - [19/Jul/2022:05:26:59 +0000] "GET /api/video/extract HTTP/1.1" 200 239
::1 - - [19/Jul/2022:05:27:01 +0000] "GET /audio/audio-bdf17a04-28d7-4f6c-9c6d-96e22d87e754.mp3 HTTP/1.1" 404 191
::1 - - [19/Jul/2022:07:35:44 +0000] "GET /api/video/extract HTTP/1.1" 200 239
::1 - - [19/Jul/2022:07:35:54 +0000] "GET /audio/audio-8eeb375d-e21c-418b-837e-633af14f711d.mp3 HTTP/1.1" 404 191
::1 - - [19/Jul/2022:07:36:40 +0000] "GET /api/video/extract HTTP/1.1" 200 239
::1 - - [19/Jul/2022:07:37:45 +0000] "GET /video/video-6e6e76ef-d30b-4dc4-abee-d043ba82361b.mp4 HTTP/1.1" 404 191
::1 - - [19/Jul/2022:07:37:55 +0000] "GET /audio/audio-1ba38be6-c43a-48ca-8d0a-77dfc8e9a49f.mp3 HTTP/1.1" 404 191
::1 - - [19/Jul/2022:07:38:17 +0000] "GET /api/video/extract HTTP/1.1" 200 239
::1 - - [19/Jul/2022:07:39:17 +0000] "GET /api/video/extract HTTP/1.1" 200 239
::1 - - [19/Jul/2022:07:42:11 +0000] "GET /api/video/extract HTTP/1.1" 200 239
::1 - - [19/Jul/2022:07:42:17 +0000] "GET /api/video/extract HTTP/1.1" 200 239
::1 - - [19/Jul/2022:07:43:13 +0000] "GET /api/video/extract HTTP/1.1" 200 239
::1 - - [19/Jul/2022:07:44:19 +0000] "GET /api/video/extract HTTP/1.1" 200 239
::1 - - [19/Jul/2022:07:49:30 +0000] "POST /api/media HTTP/1.1" 200 110
::1 - - [19/Jul/2022:07:49:38 +0000] "GET /api/media HTTP/1.1" 200 1211
::1 - - [19/Jul/2022:07:49:45 +0000] "GET /api/video HTTP/1.1" 200 200
::1 - - [19/Jul/2022:07:49:49 +0000] "GET /favicon.ico HTTP/1.1" 404 150
::1 - - [19/Jul/2022:07:50:04 +0000] "GET /api/video HTTP/1.1" 200 200
::1 - - [19/Jul/2022:07:52:58 +0000] "GET /api/video/extract HTTP/1.1" - -
::1 - - [19/Jul/2022:07:53:27 +0000] "GET /api/video/extract HTTP/1.1" - -
::1 - - [19/Jul/2022:08:19:43 +0000] "GET /api/video/extract HTTP/1.1" 200 -
::1 - - [19/Jul/2022:08:20:13 +0000] "GET /api/video/extract HTTP/1.1" 200 -
::1 - - [19/Jul/2022:08:22:47 +0000] "GET /api/video/extract HTTP/1.1" 200 -
::1 - - [19/Jul/2022:08:26:23 +0000] "GET /api/video/extract HTTP/1.1" 200 239
::1 - - [19/Jul/2022:08:27:07 +0000] "GET /api/video/extract HTTP/1.1" 200 239
::1 - - [19/Jul/2022:08:44:51 +0000] "GET /api/video/extract HTTP/1.1" - -
::1 - - [19/Jul/2022:08:48:30 +0000] "GET /api/video/extract HTTP/1.1" - -
::1 - - [19/Jul/2022:08:56:42 +0000] "GET /api/video/extract HTTP/1.1" 200 239
::1 - - [19/Jul/2022:08:56:46 +0000] "GET /audio/audio-693a0d36-c4bc-4be7-99eb-34231248c820.mp3 HTTP/1.1" 404 191
