::1 - - [15/Jul/2022:06:42:01 +0000] "GET /api/audio HTTP/1.1" 404 148
::1 - - [15/Jul/2022:06:42:06 +0000] "POST /api/audio HTTP/1.1" 400 52
::1 - - [15/Jul/2022:06:47:19 +0000] "POST /api/audio HTTP/1.1" 200 36
::1 - - [15/Jul/2022:06:47:57 +0000] "POST /api/audio HTTP/1.1" 200 36
::1 - - [15/Jul/2022:06:48:48 +0000] "POST /api/audio HTTP/1.1" 200 36
::1 - - [15/Jul/2022:06:49:27 +0000] "POST /api/audio HTTP/1.1" 200 36
::1 - - [15/Jul/2022:06:50:48 +0000] "POST /api/audio HTTP/1.1" 200 36
::1 - - [15/Jul/2022:06:50:50 +0000] "POST /api/audio HTTP/1.1" 200 36
::1 - - [15/Jul/2022:06:51:40 +0000] "POST /api/audio HTTP/1.1" 200 36
::1 - - [15/Jul/2022:06:51:48 +0000] "POST /api/audio HTTP/1.1" 200 36
::1 - - [15/Jul/2022:06:54:37 +0000] "POST /api/audio HTTP/1.1" 200 36
::1 - - [15/Jul/2022:06:57:20 +0000] "POST /api/audio HTTP/1.1" 403 119
::1 - - [15/Jul/2022:06:58:03 +0000] "POST /api/audio HTTP/1.1" 403 119
::1 - - [15/Jul/2022:06:58:10 +0000] "POST /api/audio HTTP/1.1" 403 119
::1 - - [15/Jul/2022:07:01:09 +0000] "POST /api/audio HTTP/1.1" 403 178
::1 - - [15/Jul/2022:07:02:32 +0000] "POST /api/audio HTTP/1.1" 403 178
::1 - - [15/Jul/2022:07:02:51 +0000] "POST /api/audio HTTP/1.1" 403 185
::1 - - [15/Jul/2022:07:03:29 +0000] "POST /api/audio HTTP/1.1" 403 119
::1 - - [15/Jul/2022:07:03:41 +0000] "POST /api/audio HTTP/1.1" 403 119
::1 - - [15/Jul/2022:07:03:47 +0000] "POST /api/audio HTTP/1.1" 403 119
::1 - - [15/Jul/2022:07:04:44 +0000] "POST /api/audio HTTP/1.1" 403 119
::1 - - [15/Jul/2022:07:05:49 +0000] "POST /api/audio HTTP/1.1" 403 119
::1 - - [15/Jul/2022:07:07:20 +0000] "POST /api/audio HTTP/1.1" 403 119
::1 - - [15/Jul/2022:07:07:31 +0000] "POST /api/audio HTTP/1.1" 403 119
::1 - - [15/Jul/2022:07:08:29 +0000] "POST /api/audio HTTP/1.1" 403 185
::1 - - [15/Jul/2022:07:19:09 +0000] "POST /api/audio HTTP/1.1" 403 185
::1 - - [15/Jul/2022:07:22:36 +0000] "POST /api/audio HTTP/1.1" 500 313
::1 - - [15/Jul/2022:07:22:55 +0000] "POST /api/audio HTTP/1.1" 403 185
::1 - - [15/Jul/2022:07:23:52 +0000] "POST /api/audio HTTP/1.1" 403 180
::1 - - [15/Jul/2022:07:24:04 +0000] "POST /api/audio HTTP/1.1" 403 173
::1 - - [15/Jul/2022:07:25:14 +0000] "POST /api/audio HTTP/1.1" 403 115
::1 - - [15/Jul/2022:07:26:34 +0000] "POST /api/audio HTTP/1.1" 403 115
::1 - - [15/Jul/2022:07:30:29 +0000] "POST /api/audio HTTP/1.1" 403 115
::1 - - [15/Jul/2022:07:31:19 +0000] "GET /audio/audio-44f038f4-c985-4259-8e87-a17be61a211f.jpg HTTP/1.1" 404 191
::1 - - [15/Jul/2022:07:31:59 +0000] "GET /audio/audio-44f038f4-c985-4259-8e87-a17be61a211f.jpg HTTP/1.1" 404 191
::1 - - [15/Jul/2022:07:32:09 +0000] "POST /api/audio HTTP/1.1" 403 115
::1 - - [15/Jul/2022:07:34:49 +0000] "POST /api/audio HTTP/1.1" 403 115
::1 - - [15/Jul/2022:07:35:06 +0000] "POST /api/audio HTTP/1.1" 403 115
::1 - - [15/Jul/2022:07:36:29 +0000] "POST /api/audio HTTP/1.1" 403 115
::1 - - [15/Jul/2022:07:36:35 +0000] "POST /api/audio HTTP/1.1" 403 115
::1 - - [15/Jul/2022:07:51:46 +0000] "POST /api/audio HTTP/1.1" 403 119
::1 - - [15/Jul/2022:07:52:22 +0000] "POST /api/audio HTTP/1.1" 403 119
::1 - - [15/Jul/2022:07:52:51 +0000] "POST /api/audio HTTP/1.1" 403 119
::1 - - [15/Jul/2022:07:54:56 +0000] "POST /api/audio HTTP/1.1" 403 119
::1 - - [15/Jul/2022:07:58:16 +0000] "POST /api/audio HTTP/1.1" 500 210
::1 - - [15/Jul/2022:07:58:37 +0000] "POST /api/audio HTTP/1.1" 500 215
::1 - - [15/Jul/2022:07:58:46 +0000] "POST /api/audio HTTP/1.1" 500 215
::1 - - [15/Jul/2022:07:58:50 +0000] "POST /api/audio HTTP/1.1" 500 215
::1 - - [15/Jul/2022:07:58:56 +0000] "POST /api/audio HTTP/1.1" 500 218
::1 - - [15/Jul/2022:07:59:08 +0000] "POST /api/audio HTTP/1.1" 500 215
::1 - - [15/Jul/2022:08:00:56 +0000] "POST /api/audio HTTP/1.1" 403 119
::1 - - [15/Jul/2022:08:02:37 +0000] "POST /api/audio HTTP/1.1" 403 119
::1 - - [15/Jul/2022:08:03:23 +0000] "POST /api/audio HTTP/1.1" 403 119
::1 - - [15/Jul/2022:08:05:31 +0000] "POST /api/audio HTTP/1.1" 403 119
::1 - - [15/Jul/2022:08:06:46 +0000] "GET /image/avt-image-4e154107-9cff-4fc1-a7fc-8db9f1de99e8.jpg HTTP/1.1" 404 195
::1 - - [15/Jul/2022:08:15:02 +0000] "POST /api/audio HTTP/1.1" 403 120
::1 - - [15/Jul/2022:08:15:50 +0000] "GET /public/image/avt-image-39ae31b8-dfdd-48ad-bf02-54112a008bce.jpg HTTP/1.1" 404 202
::1 - - [15/Jul/2022:08:16:01 +0000] "GET /public/image HTTP/1.1" 404 151
::1 - - [15/Jul/2022:08:16:05 +0000] "GET /public/image HTTP/1.1" 404 151
::1 - - [15/Jul/2022:08:16:28 +0000] "GET /public/image/download.jpeg HTTP/1.1" 404 165
::1 - - [15/Jul/2022:08:16:37 +0000] "GET /static/image/download.jpeg HTTP/1.1" 404 165
::1 - - [15/Jul/2022:08:16:53 +0000] "GET /static/image/download.jpeg HTTP/1.1" 404 165
::1 - - [15/Jul/2022:08:16:54 +0000] "GET /static/image/download.jpeg HTTP/1.1" 404 165
::1 - - [15/Jul/2022:08:17:04 +0000] "GET /public/image/download.jpeg HTTP/1.1" 404 165
::1 - - [15/Jul/2022:08:17:05 +0000] "GET /public/image/download.jpeg HTTP/1.1" 404 165
::1 - - [15/Jul/2022:08:20:39 +0000] "POST /api/audio HTTP/1.1" 403 120
::1 - - [15/Jul/2022:08:20:57 +0000] "POST /api/audio HTTP/1.1" 403 120
::1 - - [15/Jul/2022:08:21:11 +0000] "POST /api/audio HTTP/1.1" 403 120
::1 - - [15/Jul/2022:08:24:01 +0000] "POST /api/audio HTTP/1.1" 403 120
::1 - - [15/Jul/2022:08:24:36 +0000] "POST /api/audio HTTP/1.1" 403 119
